java.lang.IllegalArgumentException: /home/simaak/.local/share/scalacli/bloop/daemon has invalid permissions GROUP_EXECUTE, GROUP_READ, GROUP_WRITE, OTHERS_EXECUTE, OTHERS_READ
  libdaemonjvm.LockFiles$.under(LockFiles.scala:83)
  libdaemonjvm.LockFiles$.under(LockFiles.scala:70)
  libdaemonjvm.LockFiles$.under(LockFiles.scala:68)
  bloop.rifle.internal.Operations$.lockFiles(Operations.scala:45)
  bloop.rifle.internal.Operations$.check(Operations.scala:80)
  bloop.rifle.BloopRifle$.check$1(BloopRifle.scala:28)
  bloop.rifle.BloopRifle$.check(BloopRifle.scala:30)
  bloop.rifle.BloopRifle$.getCurrentBloopVersion(BloopRifle.scala:146)
  bloop.rifle.BloopServer$.ensureBloopRunning(BloopServer.scala:84)
  bloop.rifle.BloopServer$.bsp(BloopServer.scala:155)
  bloop.rifle.BloopServer$.buildServer(BloopServer.scala:185)
  scala.build.bsp.BspImpl.$anonfun$10(BspImpl.scala:424)
  scala.build.compiler.BloopCompiler.<init>(BloopCompiler.scala:15)
  scala.build.bsp.BspImpl.newBloopSession(BspImpl.scala:429)
  scala.build.bsp.BspImpl.run(BspImpl.scala:470)
  scala.cli.commands.bsp.Bsp$.runCommand$$anonfun$1(Bsp.scala:156)
  scala.runtime.function.JProcedure1.apply(JProcedure1.java:15)
  scala.runtime.function.JProcedure1.apply(JProcedure1.java:10)
  scala.build.bsp.BspThreads$.withThreads(BspThreads.scala:23)
  scala.cli.commands.bsp.Bsp$.runCommand(Bsp.scala:159)
  scala.cli.commands.bsp.Bsp$.runCommand(Bsp.scala:55)
  scala.cli.commands.ScalaCommand.run(ScalaCommand.scala:379)
  scala.cli.commands.ScalaCommand.run(ScalaCommand.scala:361)
  caseapp.core.app.CaseApp.main(CaseApp.scala:157)
  scala.cli.commands.ScalaCommand.main(ScalaCommand.scala:346)
  caseapp.core.app.CommandsEntryPoint.main(CommandsEntryPoint.scala:169)
  scala.cli.ScalaCliCommands.main(ScalaCliCommands.scala:125)
  scala.cli.ScalaCli$.main0(ScalaCli.scala:291)
  scala.cli.ScalaCli$.main(ScalaCli.scala:117)
  scala.cli.ScalaCli.main(ScalaCli.scala)
